<?xml version="1.0" encoding="UTF-8"?>
<!-- Generated by org.testng.reporters.JUnitReportReporter -->
<testsuite hostname="Nikhil" failures="0" tests="1" name="com.automationScripts.ShoppersStackLogin_002Test" time="43.911" errors="0" timestamp="2023-07-28T12:59:12 IST" skipped="0">
  <testcase classname="com.automationScripts.ShoppersStackLogin_002Test" name="testCase" time="43.911"/>
  <system-out/>
</testsuite> <!-- com.automationScripts.ShoppersStackLogin_002Test -->
